Start
Create thread #0
Create thread #6
Create thread #4
Create thread #1
Create thread #5
Create thread #3
Create thread #2
Create thread #7
Create thread #0
Create thread #1
Create thread #6
Create thread #5
Create thread #2
Create thread #3
Create thread #4
Create thread #7
3676 12669 12674 12675 12676 12677 12678 12679 38176 38177 38179 43165 43166 43167 43168 43169 43170 43171 43172 43173 43174 43176 44668 44669 48167 48168 48169 48170 49664 49666 49667 49668 49669 49670 49671 49673 49674 63622 63656 63657 63658 63659 63660 63661 63662 63663 63664 63665 63666 63667 63668 63669 63670 63671 63672 63673 63674 63675 63676 63677 63678 63679 81668 80676 81623 81624 81625 81626 81627 81628 81629 81633 81634 81645 86168 87668 89668 89669 89674 89675 89676 89677 96168 96169 99666 99667 99668 99670 99671 99673 99674 99675 99676 
Find 6757 candidats
Find 93 discords
