Start
Start
Start
Start
input0001.csvinput0000.csvinput0002.csvinput0003.csv250383
250383
250383
250384
25.950502
109.789429
96.288620
117.576134
90.963821
42.882870
104.136841
78.196442
61.048119
20.384836
Create thread #4
Create thread #16
Create thread #1
Create thread #0
Create thread #3
Create thread #18
Create thread #2
Create thread #17
Create thread #19
Create thread #6
Create thread #8
Create thread #12
Create thread #20
Create thread #15
Create thread #7
Create thread #5
Create thread #21
Create thread #22
Create thread #9
Create thread #13
Create thread #11
Create thread #10
Create thread #14
Create thread #23
Create thread #0
Create thread #22
Create thread #23
Create thread #8
Create thread #21
Create thread #16
Create thread #20
Create thread #7
Create thread #9
Create thread #15
Create thread #14
Create thread #19
Create thread #4
Create thread #3
Create thread #10
Create thread #13
Create thread #5
Create thread #6
Create thread #0
Create thread #16
Create thread #19
Create thread #17
Create thread #3
Create thread #2
Create thread #12
Create thread #15
Create thread #14
Create thread #20
Create thread #21
Create thread #22
Create thread #17
Create thread #18
Create thread #18
Create thread #8
Create thread #10
Create thread #11
Create thread #1
Create thread #11
Create thread #2
Create thread #12
Create thread #1
Create thread #0
Create thread #4
Create thread #18
Create thread #17
Create thread #16
Create thread #2
Create thread #5
Create thread #8
Create thread #11
Create thread #7
Create thread #13
Create thread #4
Create thread #6
Create thread #7
Create thread #9
Create thread #1
Create thread #10
Create thread #19
Create thread #12
Create thread #15
Create thread #23
Create thread #5
Create thread #3
Create thread #13
Create thread #6
Create thread #20
Create thread #21
Create thread #14
Create thread #9
Create thread #23
Create thread #22
rank = 3 C = 6742
rank = 1 C = 5134
rank = 0 C = 7130
rank = 2 C = 6738
rank = 0 sum = 25744 pre = 0 add = 749616
rank = 1 sum = 25744 pre = 7130 add = 0
rank = 2 sum = 25744 pre = 12264 add = 249872
rank = 3 sum = 25744 pre = 19002 add = 499744
Create thread #16
Create thread #1
Create thread #17
Create thread #18
Create thread #19
Create thread #2
Create thread #3
Create thread #20
Create thread #12
Create thread #22
Create thread #14
Create thread #8
Create thread #15
Create thread #4
Create thread #13
Create thread #5
Create thread #0
Create thread #3
Create thread #16
Create thread #8
Create thread #18
Create thread #4
Create thread #1
Create thread #2
Create thread #11
Create thread #17
Create thread #9
Create thread #6
Create thread #10
Create thread #19
Create thread #20
Create thread #23
Create thread #0
Create thread #16
Create thread #15
Create thread #9
Create thread #7
Create thread #22
Create thread #23
Create thread #5
Create thread #4
Create thread #10
Create thread #6
Create thread #0
Create thread #3
Create thread #4
Create thread #2
Create thread #6
Create thread #3
Create thread #19
Create thread #8
Create thread #5
Create thread #11
Create thread #12
Create thread #2
Create thread #16
Create thread #14
Create thread #20
Create thread #8
Create thread #19
Create thread #18
Create thread #11
Create thread #12
Create thread #14
Create thread #13
Create thread #20
Create thread #21
Create thread #23
Create thread #17
Create thread #9
Create thread #6
Create thread #7
Create thread #23
Create thread #10
Create thread #21
Create thread #11
Create thread #0
Create thread #22
Create thread #7
Create thread #21
Create thread #15
Create thread #21
Create thread #10
Create thread #17
Create thread #22
Create thread #9
Create thread #1
Create thread #7
Create thread #12
Create thread #15
Create thread #14
Create thread #1
Create thread #13
Create thread #18
Create thread #5
Create thread #13
rank = 0 D = 8970 pre = 0
rank = 1 D = 8964 pre = 8970
rank = 2 D = 6479 pre = 17934
rank = 3 D = 6494 pre = 24413
Total Runtime of finding discords = 100.62
Find 25744 candidats
Find 4975 discords
